<?xml version="1.0" encoding="UTF-8"?>
<!-- Generated by org.testng.reporters.JUnitReportReporter -->
<testsuite skipped="0" hostname="e77b39cbf164" name="com.searchmodule.tests.SearchTest" tests="4" failures="0" timestamp="22 Oct 2021 17:32:56 GMT" time="13.789" errors="0">
  <testcase name="search" time="3.539" classname="com.searchmodule.tests.SearchTest"/>
  <testcase name="search" time="3.528" classname="com.searchmodule.tests.SearchTest"/>
  <testcase name="search" time="3.175" classname="com.searchmodule.tests.SearchTest"/>
  <testcase name="search" time="3.547" classname="com.searchmodule.tests.SearchTest"/>
</testsuite> <!-- com.searchmodule.tests.SearchTest -->
